This is XeTeX, Version 3.141592653-2.6-0.999997 (TeX Live 2025) (preloaded format=xelatex 2025.12.9)  21 DEC 2025 17:31
entering extended mode
 restricted \write18 enabled.
 file:line:error style messages enabled.
 %&-line parsing enabled.
**"/Users/kensei/VScode/卒業研究2/Decision Focused Learning with Portfolio Optimization/main.tex"
(/Users/kensei/VScode/卒業研究2/Decision Focused Learning with Portfolio Optimization/main.tex
LaTeX2e <2024-11-01> patch level 2
L3 programming layer <2025-01-18>
(/usr/local/texlive/2025/texmf-dist/tex/latex/bxjscls/bxjsreport.cls
Document Class: bxjsreport 2024/07/19 v2.9c BXJS document classes
(/usr/local/texlive/2025/texmf-dist/tex/latex/tools/calc.sty
Package: calc 2023/07/08 v4.3 Infix arithmetic (KKT,FJ)
\calc@Acount=\count192
\calc@Bcount=\count193
\calc@Adimen=\dimen141
\calc@Bdimen=\dimen142
\calc@Askip=\skip49
\calc@Bskip=\skip50
LaTeX Info: Redefining \setlength on input line 80.
LaTeX Info: Redefining \addtolength on input line 81.
\calc@Ccount=\count194
\calc@Cskip=\skip51
) (/usr/local/texlive/2025/texmf-dist/tex/latex/graphics/keyval.sty
Package: keyval 2022/05/29 v1.15 key=value parser (DPC)
\KV@toks@=\toks17
) (/usr/local/texlive/2025/texmf-dist/tex/generic/iftex/iftex.sty
Package: iftex 2024/12/12 v1.0g TeX engine tests
) (/usr/local/texlive/2025/texmf-dist/tex/latex/bxjscls/bxjscompat.sty
Package: bxjscompat 2024/07/19 v2.9c BXJS document classes
)
\jsc@mpt=\dimen143
\jsc@mmm=\dimen144
\jsZw=\dimen145
\jsc@smallskipamount=\skip52
\Cht=\dimen146
\Cdp=\dimen147
\Cwd=\dimen148
\Cvs=\dimen149
\Chs=\dimen150
\fullwidth=\dimen151
 (/usr/local/texlive/2025/texmf-dist/tex/latex/geometry/geometry.sty
Package: geometry 2020/01/02 v5.9 Page Geometry
 (/usr/local/texlive/2025/texmf-dist/tex/generic/iftex/ifvtex.sty
Package: ifvtex 2019/10/25 v1.7 ifvtex legacy package. Use iftex instead.
)
\Gm@cnth=\count195
\Gm@cntv=\count196
\c@Gm@tempcnt=\count197
\Gm@bindingoffset=\dimen152
\Gm@wd@mp=\dimen153
\Gm@odd@mp=\dimen154
\Gm@even@mp=\dimen155
\Gm@layoutwidth=\dimen156
\Gm@layoutheight=\dimen157
\Gm@layouthoffset=\dimen158
\Gm@layoutvoffset=\dimen159
\Gm@dimlist=\toks18
)
\c@part=\count198
\c@chapter=\count199
\c@section=\count266
\c@subsection=\count267
\c@subsubsection=\count268
\c@paragraph=\count269
\c@subparagraph=\count270
\@abstractbox=\box52
\c@figure=\count271
\c@table=\count272
\abovecaptionskip=\skip53
\belowcaptionskip=\skip54
\jsc@tocl@width=\dimen160
\@lnumwidth=\dimen161
\bibindent=\dimen162
 (/usr/local/texlive/2025/texmf-dist/tex/latex/bxwareki/bxwareki.sty
Package: bxwareki 2023/07/07 v0.7
\c@warekiyear=\count273
 (/usr/local/texlive/2025/texmf-dist/tex/latex/bxwareki/bxwareki-cd.def
File: bxwareki-cd.def 2023/07/07 v0.7
)) (/usr/local/texlive/2025/texmf-dist/tex/latex/bxjscls/bxjsja-standard.def
File: bxjsja-standard.def 2024/07/19 v2.9c BXJS document classes
 (/usr/local/texlive/2025/texmf-dist/tex/latex/bxjscls/bxjsja-minimal.def
File: bxjsja-minimal.def 2024/07/19 v2.9c BXJS document classes
\everypar=\toks19
) (/usr/local/texlive/2025/texmf-dist/tex/latex/etoolbox/etoolbox.sty
Package: etoolbox 2025/02/11 v2.5l e-TeX tools for LaTeX (JAW)
\etb@tempcnta=\count274
) (/usr/local/texlive/2025/texmf-dist/tex/latex/zxjatype/zxjatype.sty
Package: zxjatype 2020/01/22 v0.7 ZX Japanese typeset
 (/usr/local/texlive/2025/texmf-dist/tex/generic/iftex/ifxetex.sty
Package: ifxetex 2019/10/25 v0.7 ifxetex legacy package. Use iftex instead.
) (/usr/local/texlive/2025/texmf-dist/tex/xelatex/xecjk/xeCJK.sty (/usr/local/texlive/2025/texmf-dist/tex/latex/l3kernel/expl3.sty
Package: expl3 2025-01-18 L3 programming layer (loader) 
 (/usr/local/texlive/2025/texmf-dist/tex/latex/l3backend/l3backend-xetex.def
File: l3backend-xetex.def 2024-05-08 L3 backend support: XeTeX
\g__graphics_track_int=\count275
\l__pdf_internal_box=\box53
\g__pdf_backend_annotation_int=\count276
\g__pdf_backend_link_int=\count277
))
Package: xeCJK 2022/08/05 v3.9.1 Typesetting CJK scripts with XeLaTeX
 (/usr/local/texlive/2025/texmf-dist/tex/latex/ctex/ctexhook.sty
Package: ctexhook 2022/07/14 v2.5.10 Document and package hooks (CTEX)
) (/usr/local/texlive/2025/texmf-dist/tex/latex/l3packages/xtemplate/xtemplate.sty
Package: xtemplate 2024-08-16 L3 Experimental prototype document functions
)
\l__xeCJK_tmp_int=\count278
\l__xeCJK_tmp_box=\box54
\l__xeCJK_tmp_dim=\dimen163
\l__xeCJK_tmp_skip=\skip55
\g__xeCJK_space_factor_int=\count279
\l__xeCJK_begin_int=\count280
\l__xeCJK_end_int=\count281
\c__xeCJK_CJK_class_int=\XeTeXcharclass1
\c__xeCJK_FullLeft_class_int=\XeTeXcharclass2
\c__xeCJK_FullRight_class_int=\XeTeXcharclass3
\c__xeCJK_HalfLeft_class_int=\XeTeXcharclass4
\c__xeCJK_HalfRight_class_int=\XeTeXcharclass5
\c__xeCJK_NormalSpace_class_int=\XeTeXcharclass6
\c__xeCJK_CM_class_int=\XeTeXcharclass7
\c__xeCJK_HangulJamo_class_int=\XeTeXcharclass8
\l__xeCJK_last_skip=\skip56
\c__xeCJK_none_node=\count282
\g__xeCJK_node_int=\count283
\c__xeCJK_CJK_node_dim=\dimen164
\c__xeCJK_CJK-space_node_dim=\dimen165
\c__xeCJK_default_node_dim=\dimen166
\c__xeCJK_CJK-widow_node_dim=\dimen167
\c__xeCJK_normalspace_node_dim=\dimen168
\c__xeCJK_default-space_node_skip=\skip57
\l__xeCJK_ccglue_skip=\skip58
\l__xeCJK_ecglue_skip=\skip59
\l__xeCJK_punct_kern_skip=\skip60
\l__xeCJK_indent_box=\box55
\l__xeCJK_last_penalty_int=\count284
\l__xeCJK_last_bound_dim=\dimen169
\l__xeCJK_last_kern_dim=\dimen170
\l__xeCJK_widow_penalty_int=\count285

LaTeX template Info: Declaring template type 'xeCJK/punctuation' taking 0
(template)           argument(s) on line 2396.

\l__xeCJK_fixed_punct_width_dim=\dimen171
\l__xeCJK_mixed_punct_width_dim=\dimen172
\l__xeCJK_middle_punct_width_dim=\dimen173
\l__xeCJK_fixed_margin_width_dim=\dimen174
\l__xeCJK_mixed_margin_width_dim=\dimen175
\l__xeCJK_middle_margin_width_dim=\dimen176
\l__xeCJK_bound_punct_width_dim=\dimen177
\l__xeCJK_bound_margin_width_dim=\dimen178
\l__xeCJK_margin_minimum_dim=\dimen179
\l__xeCJK_kerning_total_width_dim=\dimen180
\l__xeCJK_same_align_margin_dim=\dimen181
\l__xeCJK_different_align_margin_dim=\dimen182
\l__xeCJK_kerning_margin_width_dim=\dimen183
\l__xeCJK_kerning_margin_minimum_dim=\dimen184
\l__xeCJK_bound_dim=\dimen185
\l__xeCJK_reverse_bound_dim=\dimen186
\l__xeCJK_margin_dim=\dimen187
\l__xeCJK_minimum_bound_dim=\dimen188
\l__xeCJK_kerning_margin_dim=\dimen189
\g__xeCJK_family_int=\count286
\l__xeCJK_fam_int=\count287
\g__xeCJK_fam_allocation_int=\count288
\l__xeCJK_verb_case_int=\count289
\l__xeCJK_verb_exspace_skip=\skip61
 (/usr/local/texlive/2025/texmf-dist/tex/latex/fontspec/fontspec.sty (/usr/local/texlive/2025/texmf-dist/tex/latex/l3packages/xparse/xparse.sty
Package: xparse 2024-08-16 L3 Experimental document command parser
)
Package: fontspec 2024/05/11 v2.9e Font selection for XeLaTeX and LuaLaTeX
 (/usr/local/texlive/2025/texmf-dist/tex/latex/fontspec/fontspec-xetex.sty
Package: fontspec-xetex 2024/05/11 v2.9e Font selection for XeLaTeX and LuaLaTeX
\l__fontspec_script_int=\count290
\l__fontspec_language_int=\count291
\l__fontspec_strnum_int=\count292
\l__fontspec_tmp_int=\count293
\l__fontspec_tmpa_int=\count294
\l__fontspec_tmpb_int=\count295
\l__fontspec_tmpc_int=\count296
\l__fontspec_em_int=\count297
\l__fontspec_emdef_int=\count298
\l__fontspec_strong_int=\count299
\l__fontspec_strongdef_int=\count300
\l__fontspec_tmpa_dim=\dimen190
\l__fontspec_tmpb_dim=\dimen191
\l__fontspec_tmpc_dim=\dimen192
 (/usr/local/texlive/2025/texmf-dist/tex/latex/base/fontenc.sty
Package: fontenc 2021/04/29 v2.0v Standard LaTeX package
) (/usr/local/texlive/2025/texmf-dist/tex/latex/fontspec/fontspec.cfg))) (/usr/local/texlive/2025/texmf-dist/tex/xelatex/xecjk/xeCJK.cfg
File: xeCJK.cfg 2022/08/05 v3.9.1 Configuration file for xeCJK package
))
\l__zxjt_tmpa_dim=\dimen193
\g__zxjt_tmpa_box=\box56
\l__zxjt_leftglue_skip=\skip62
)

Package fontspec Info: 
(fontspec)             HaranoAjiMincho-Regular scale = 0.924715.


Package fontspec Info: 
(fontspec)             HaranoAjiMincho-Regular scale = 0.924715.


Package fontspec Info: 
(fontspec)             HaranoAjiGothic-Medium scale = 0.924715.


Package fontspec Info: 
(fontspec)             Font family 'HaranoAjiMincho-Regular.otf(0)' created
(fontspec)             for font 'HaranoAjiMincho-Regular.otf' with options
(fontspec)             [Script={CJK},Scale={0.924715},BoldFont={HaranoAjiGothic-Medium.otf}].
(fontspec)              
(fontspec)              This font family consists of the following NFSS
(fontspec)             series/shapes:
(fontspec)              
(fontspec)             - 'normal' (m/n) with NFSS spec.:
(fontspec)             <->s*[0.924715]"[HaranoAjiMincho-Regular.otf]/OT:script=hani;language=dflt;"
(fontspec)             - 'bold' (b/n) with NFSS spec.:
(fontspec)             <->s*[0.924715]"[HaranoAjiGothic-Medium.otf]/OT:script=hani;language=dflt;"

\jsKanjiSkip=\skip63
\jsXKanjiSkip=\skip64
)) (/usr/local/texlive/2025/texmf-dist/tex/latex/silence/silence.sty
Package: silence 2012/07/02 v1.5b Selective filtering of warnings and error messages
\sl@Save=\count301
\sl@StateNumber=\count302
\sl@MessageCount=\count303
\sl@Casualties=\count304
\sl@Filter=\toks20
\sl@Message=\toks21
\sl@UnexpandedMessage=\toks22
\sl@Mess@ge=\toks23
\sl@WarningCount=\count305
\sl@WarningNumber=\count306
\sl@WarningCasualties=\count307
\sl@TempBOW=\toks24
\sl@BankOfWarnings=\toks25
LaTeX Info: Redefining \GenericWarning on input line 433.
\sl@ErrorCount=\count308
\sl@ErrorNumber=\count309
\sl@ErrorCasualties=\count310
\sl@TempBOE=\toks26
\sl@BankOfErrors=\toks27
LaTeX Info: Redefining \GenericError on input line 601.
)

Package fontspec Info: 
(fontspec)             Font family 'TimesNewRoman(0)' created for font 'Times
(fontspec)             New Roman' with options [Ligatures=TeX].
(fontspec)              
(fontspec)              This font family consists of the following NFSS
(fontspec)             series/shapes:
(fontspec)              
(fontspec)             - 'normal' (m/n) with NFSS spec.: <->"Times New
(fontspec)             Roman/OT:script=latn;language=dflt;mapping=tex-text;"
(fontspec)             - 'bold' (b/n) with NFSS spec.: <->"Times New
(fontspec)             Roman/B/OT:script=latn;language=dflt;mapping=tex-text;"
(fontspec)             - 'italic' (m/it) with NFSS spec.: <->"Times New
(fontspec)             Roman/I/OT:script=latn;language=dflt;mapping=tex-text;"
(fontspec)             - 'bold italic' (b/it) with NFSS spec.: <->"Times New
(fontspec)             Roman/BI/OT:script=latn;language=dflt;mapping=tex-text;"


Package fontspec Info: 
(fontspec)             Font family 'Helvetica(0)' created for font 'Helvetica'
(fontspec)             with options [Ligatures=TeX].
(fontspec)              
(fontspec)              This font family consists of the following NFSS
(fontspec)             series/shapes:
(fontspec)              
(fontspec)             - 'normal' (m/n) with NFSS spec.:
(fontspec)             <->"Helvetica/AAT:mapping=tex-text;"
(fontspec)             - 'bold' (b/n) with NFSS spec.:
(fontspec)             <->"Helvetica/B/AAT:mapping=tex-text;"
(fontspec)             - 'italic' (m/it) with NFSS spec.:
(fontspec)             <->"Helvetica/I/AAT:mapping=tex-text;"
(fontspec)             - 'bold italic' (b/it) with NFSS spec.:
(fontspec)             <->"Helvetica/BI/AAT:mapping=tex-text;"


Package fontspec Info: 
(fontspec)             HaranoAjiMincho-Regular.otf scale = 0.924715.


Package fontspec Info: 
(fontspec)             HaranoAjiMincho-Regular scale = 0.924715.


Package fontspec Info: 
(fontspec)             HaranoAjiMincho-Bold scale = 0.924715.


Package fontspec Info: 
(fontspec)             HaranoAjiMincho-Regular scale = 0.924715.


Package fontspec Info: 
(fontspec)             HaranoAjiMincho-Bold scale = 0.924715.


Package fontspec Info: 
(fontspec)             Font family 'HaranoAjiMincho-Regular.otf(1)' created
(fontspec)             for font 'HaranoAjiMincho-Regular.otf' with options
(fontspec)             [Script={CJK},Scale={0.924715},UprightFont={HaranoAjiMincho-Regular.otf},ItalicFeatures={FakeSlant=0.2},BoldItalicFont={HaranoAjiMincho-Bold.otf},BoldItalicFeatures={FakeSlant=0.2},BoldFont={HaranoAjiMincho-Bold.otf},ItalicFont={HaranoAjiMincho-Regular.otf}].
(fontspec)              
(fontspec)              This font family consists of the following NFSS
(fontspec)             series/shapes:
(fontspec)              
(fontspec)             - 'normal' (m/n) with NFSS spec.:
(fontspec)             <->s*[0.924715]"[HaranoAjiMincho-Regular.otf]/OT:script=hani;language=dflt;"
(fontspec)             - 'bold' (b/n) with NFSS spec.:
(fontspec)             <->s*[0.924715]"[HaranoAjiMincho-Bold.otf]/OT:script=hani;language=dflt;"
(fontspec)             - 'italic' (m/it) with NFSS spec.:
(fontspec)             <->s*[0.924715]"[HaranoAjiMincho-Regular.otf]/OT:script=hani;language=dflt;slant=0.2;"
(fontspec)             - 'bold italic' (b/it) with NFSS spec.:
(fontspec)             <->s*[0.924715]"[HaranoAjiMincho-Bold.otf]/OT:script=hani;language=dflt;slant=0.2;"

 (/usr/local/texlive/2025/texmf-dist/tex/latex/graphics/graphicx.sty
Package: graphicx 2021/09/16 v1.2d Enhanced LaTeX Graphics (DPC,SPQR)
 (/usr/local/texlive/2025/texmf-dist/tex/latex/graphics/graphics.sty
Package: graphics 2024/08/06 v1.4g Standard LaTeX Graphics (DPC,SPQR)
 (/usr/local/texlive/2025/texmf-dist/tex/latex/graphics/trig.sty
Package: trig 2023/12/02 v1.11 sin cos tan (DPC)
) (/usr/local/texlive/2025/texmf-dist/tex/latex/graphics-cfg/graphics.cfg
File: graphics.cfg 2016/06/04 v1.11 sample graphics configuration
)
Package graphics Info: Driver file: xetex.def on input line 106.
 (/usr/local/texlive/2025/texmf-dist/tex/latex/graphics-def/xetex.def
File: xetex.def 2022/09/22 v5.0n Graphics/color driver for xetex
))
\Gin@req@height=\dimen194
\Gin@req@width=\dimen195
) (/usr/local/texlive/2025/texmf-dist/tex/latex/amsmath/amsmath.sty
Package: amsmath 2024/11/05 v2.17t AMS math features
\@mathmargin=\skip65

For additional information on amsmath, use the `?' option.
(/usr/local/texlive/2025/texmf-dist/tex/latex/amsmath/amstext.sty
Package: amstext 2021/08/26 v2.01 AMS text
 (/usr/local/texlive/2025/texmf-dist/tex/latex/amsmath/amsgen.sty
File: amsgen.sty 1999/11/30 v2.0 generic functions
\@emptytoks=\toks28
\ex@=\dimen196
)) (/usr/local/texlive/2025/texmf-dist/tex/latex/amsmath/amsbsy.sty
Package: amsbsy 1999/11/29 v1.2d Bold Symbols
\pmbraise@=\dimen197
) (/usr/local/texlive/2025/texmf-dist/tex/latex/amsmath/amsopn.sty
Package: amsopn 2022/04/08 v2.04 operator names
)
\inf@bad=\count311
LaTeX Info: Redefining \frac on input line 233.
\uproot@=\count312
\leftroot@=\count313
LaTeX Info: Redefining \overline on input line 398.
LaTeX Info: Redefining \colon on input line 409.
\classnum@=\count314
\DOTSCASE@=\count315
LaTeX Info: Redefining \ldots on input line 495.
LaTeX Info: Redefining \dots on input line 498.
LaTeX Info: Redefining \cdots on input line 619.
\Mathstrutbox@=\box57
\strutbox@=\box58
LaTeX Info: Redefining \big on input line 721.
LaTeX Info: Redefining \Big on input line 722.
LaTeX Info: Redefining \bigg on input line 723.
LaTeX Info: Redefining \Bigg on input line 724.
\big@size=\dimen198
LaTeX Font Info:    Redeclaring font encoding OML on input line 742.
LaTeX Font Info:    Redeclaring font encoding OMS on input line 743.
\macc@depth=\count316
LaTeX Info: Redefining \bmod on input line 904.
LaTeX Info: Redefining \pmod on input line 909.
LaTeX Info: Redefining \smash on input line 939.
LaTeX Info: Redefining \relbar on input line 969.
LaTeX Info: Redefining \Relbar on input line 970.
\c@MaxMatrixCols=\count317
\dotsspace@=\muskip17
\c@parentequation=\count318
\dspbrk@lvl=\count319
\tag@help=\toks29
\row@=\count320
\column@=\count321
\maxfields@=\count322
\andhelp@=\toks30
\eqnshift@=\dimen199
\alignsep@=\dimen256
\tagshift@=\dimen257
\tagwidth@=\dimen258
\totwidth@=\dimen259
\lineht@=\dimen260
\@envbody=\toks31
\multlinegap=\skip66
\multlinetaggap=\skip67
\mathdisplay@stack=\toks32
LaTeX Info: Redefining \[ on input line 2953.
LaTeX Info: Redefining \] on input line 2954.
) (/usr/local/texlive/2025/texmf-dist/tex/latex/amsfonts/amssymb.sty
Package: amssymb 2013/01/14 v3.01 AMS font symbols
 (/usr/local/texlive/2025/texmf-dist/tex/latex/amsfonts/amsfonts.sty
Package: amsfonts 2013/01/14 v3.01 Basic AMSFonts support
\symAMSa=\mathgroup4
\symAMSb=\mathgroup5
LaTeX Font Info:    Redeclaring math symbol \hbar on input line 98.
LaTeX Font Info:    Overwriting math alphabet `\mathfrak' in version `bold'
(Font)                  U/euf/m/n --> U/euf/b/n on input line 106.
)) (/usr/local/texlive/2025/texmf-dist/tex/latex/amscls/amsthm.sty
Package: amsthm 2020/05/29 v2.20.6
\thm@style=\toks33
\thm@bodyfont=\toks34
\thm@headfont=\toks35
\thm@notefont=\toks36
\thm@headpunct=\toks37
\thm@preskip=\skip68
\thm@postskip=\skip69
\thm@headsep=\skip70
\dth@everypar=\toks38
) (/usr/local/texlive/2025/texmf-dist/tex/latex/tools/bm.sty
Package: bm 2023/12/19 v1.2f Bold Symbol Support (DPC/FMi)
\symboldoperators=\mathgroup6
\symboldletters=\mathgroup7
\symboldsymbols=\mathgroup8
Package bm Info: No bold for \OMX/cmex/m/n, using \pmb.
Package bm Info: No bold for \U/msa/m/n, using \pmb.
Package bm Info: No bold for \U/msb/m/n, using \pmb.
LaTeX Font Info:    Redeclaring math alphabet \mathbf on input line 149.
) (/usr/local/texlive/2025/texmf-dist/tex/latex/caption/subcaption.sty
Package: subcaption 2023/07/28 v1.6b Sub-captions (AR)
 (/usr/local/texlive/2025/texmf-dist/tex/latex/caption/caption.sty
Package: caption 2023/08/05 v3.6o Customizing captions (AR)
 (/usr/local/texlive/2025/texmf-dist/tex/latex/caption/caption3.sty
Package: caption3 2023/07/31 v2.4d caption3 kernel (AR)
\caption@tempdima=\dimen261
\captionmargin=\dimen262
\caption@leftmargin=\dimen263
\caption@rightmargin=\dimen264
\caption@width=\dimen265
\caption@indent=\dimen266
\caption@parindent=\dimen267
\caption@hangindent=\dimen268
Package caption Info: Unknown document class (or package),
(caption)             standard defaults will be used.
Package caption Info: \@makecaption = \long macro:#1#2->{\small \advance \leftskip .0628\linewidth \advance \rightskip .0628\linewidth \vskip \abovecaptionskip \sbox \@tempboxa {#1\zwspace #2}\ifdim \wd \@tempboxa <\hsize \centering \fi #1\zwspace #2\par \vskip \belowcaptionskip } on input line 1175.
)
\c@caption@flags=\count323
\c@continuedfloat=\count324
)
Package caption Info: New subtype `subfigure' on input line 238.
\c@subfigure=\count325
Package caption Info: New subtype `subtable' on input line 238.
\c@subtable=\count326
) (/usr/local/texlive/2025/texmf-dist/tex/latex/jknapltx/mathrsfs.sty
Package: mathrsfs 1996/01/01 Math RSFS package v1.0 (jk)
\symrsfs=\mathgroup9
) (/usr/local/texlive/2025/texmf-dist/tex/latex/mathtools/mathtools.sty
Package: mathtools 2024/10/04 v1.31 mathematical typesetting tools
 (/usr/local/texlive/2025/texmf-dist/tex/latex/mathtools/mhsetup.sty
Package: mhsetup 2021/03/18 v1.4 programming setup (MH)
)
\g_MT_multlinerow_int=\count327
\l_MT_multwidth_dim=\dimen269
\origjot=\skip71
\l_MT_shortvdotswithinadjustabove_dim=\dimen270
\l_MT_shortvdotswithinadjustbelow_dim=\dimen271
\l_MT_above_intertext_sep=\dimen272
\l_MT_below_intertext_sep=\dimen273
\l_MT_above_shortintertext_sep=\dimen274
\l_MT_below_shortintertext_sep=\dimen275
\xmathstrut@box=\box59
\xmathstrut@dim=\dimen276
) (/usr/local/texlive/2025/texmf-dist/tex/latex/float/float.sty
Package: float 2001/11/08 v1.3d Float enhancements (AL)
\c@float@type=\count328
\float@exts=\toks39
\float@box=\box60
\@float@everytoks=\toks40
\@floatcapt=\box61
) (/usr/local/texlive/2025/texmf-dist/tex/latex/comment/comment.sty
\CommentStream=\write3
 Excluding comment 'comment') (/usr/local/texlive/2025/texmf-dist/tex/latex/url/url.sty
\Urlmuskip=\muskip18
Package: url 2013/09/16  ver 3.4  Verb mode for urls, etc.
) (/usr/local/texlive/2025/texmf-dist/tex/latex/multirow/multirow.sty
Package: multirow 2024/11/12 v2.9 Span multiple rows of a table
\multirow@colwidth=\skip72
\multirow@cntb=\count329
\multirow@dima=\skip73
\bigstrutjot=\dimen277
) (/usr/local/texlive/2025/texmf-dist/tex/latex/titlesec/titlesec.sty
Package: titlesec 2025/01/04 v2.17 Sectioning titles
\ttl@box=\box62
\beforetitleunit=\skip74
\aftertitleunit=\skip75
\ttl@plus=\dimen278
\ttl@minus=\dimen279
\ttl@toksa=\toks41
\titlewidth=\dimen280
\titlewidthlast=\dimen281
\titlewidthfirst=\dimen282
) (/usr/local/texlive/2025/texmf-dist/tex/latex/algorithms/algorithm.sty
Invalid UTF-8 byte or sequence at line 11 replaced by U+FFFD.
Package: algorithm 2009/08/24 v0.1 Document Style `algorithm' - floating environment
 (/usr/local/texlive/2025/texmf-dist/tex/latex/base/ifthen.sty
Package: ifthen 2024/03/16 v1.1e Standard LaTeX ifthen package (DPC)
)
\@float@every@algorithm=\toks42
\c@algorithm=\count330
) (/usr/local/texlive/2025/texmf-dist/tex/latex/algorithmicx/algpseudocode.sty
Package: algpseudocode 
 (/usr/local/texlive/2025/texmf-dist/tex/latex/algorithmicx/algorithmicx.sty
Package: algorithmicx 2005/04/27 v1.2 Algorithmicx

Document Style algorithmicx 1.2 - a greatly improved `algorithmic' style
\c@ALG@line=\count331
\c@ALG@rem=\count332
\c@ALG@nested=\count333
\ALG@tlm=\skip76
\ALG@thistlm=\skip77
\c@ALG@Lnr=\count334
\c@ALG@blocknr=\count335
\c@ALG@storecount=\count336
\c@ALG@tmpcounter=\count337
\ALG@tmplength=\skip78
)
Document Style - pseudocode environments for use with the `algorithmicx' style
)
\c@theorem=\count338
\c@proposition=\count339
 (./main.aux)
\openout1 = `main.aux'.

LaTeX Font Info:    Checking defaults for OML/cmm/m/it on input line 100.
LaTeX Font Info:    ... okay on input line 100.
LaTeX Font Info:    Checking defaults for OMS/cmsy/m/n on input line 100.
LaTeX Font Info:    ... okay on input line 100.
LaTeX Font Info:    Checking defaults for OT1/cmr/m/n on input line 100.
LaTeX Font Info:    ... okay on input line 100.
LaTeX Font Info:    Checking defaults for T1/cmr/m/n on input line 100.
LaTeX Font Info:    ... okay on input line 100.
LaTeX Font Info:    Checking defaults for TS1/cmr/m/n on input line 100.
LaTeX Font Info:    ... okay on input line 100.
LaTeX Font Info:    Checking defaults for TU/lmr/m/n on input line 100.
LaTeX Font Info:    ... okay on input line 100.
LaTeX Font Info:    Checking defaults for OMX/cmex/m/n on input line 100.
LaTeX Font Info:    ... okay on input line 100.
LaTeX Font Info:    Checking defaults for U/cmr/m/n on input line 100.
LaTeX Font Info:    ... okay on input line 100.

*geometry* driver: auto-detecting
*geometry* detected driver: xetex
*geometry* verbose mode - [ preamble ] result:
* driver: xetex
* paper: a4paper
* layout: <same size as paper>
* layoutoffset:(h,v)=(0.0pt,0.0pt)
* modes: 
* h-part:(L,W,R)=(71.13188pt, 455.24411pt, 71.13188pt)
* v-part:(T,H,B)=(71.13188pt, 702.78308pt, 71.13188pt)
* \paperwidth=654.26651pt
* \paperheight=925.30975pt
* \textwidth=455.24411pt
* \textheight=702.78308pt
* \oddsidemargin=-1.1381pt
* \evensidemargin=-1.1381pt
* \topmargin=-1.1381pt
* \headheight=0.0pt
* \headsep=0.0pt
* \topskip=10.0pt
* \footskip=0.0pt
* \marginparwidth=0.0pt
* \marginparsep=0.0pt
* \columnsep=18.49426pt
* \skip\footins=16.0pt plus 5.0pt minus 2.0pt
* \hoffset=6.27573pt
* \voffset=6.27573pt
* \mag=1095
* \@twocolumnfalse
* \@twosidefalse
* \@mparswitchfalse
* \@reversemarginfalse
* (1in=72.27pt=25.4mm, 1cm=28.453pt)


Package fontspec Info: 
(fontspec)             Adjusting the maths setup (use [no-math] to avoid
(fontspec)             this).

\symlegacymaths=\mathgroup10
LaTeX Font Info:    Overwriting symbol font `legacymaths' in version `bold'
(Font)                  OT1/cmr/m/n --> OT1/cmr/bx/n on input line 100.
LaTeX Font Info:    Redeclaring math accent \acute on input line 100.
LaTeX Font Info:    Redeclaring math accent \grave on input line 100.
LaTeX Font Info:    Redeclaring math accent \ddot on input line 100.
LaTeX Font Info:    Redeclaring math accent \tilde on input line 100.
LaTeX Font Info:    Redeclaring math accent \bar on input line 100.
LaTeX Font Info:    Redeclaring math accent \breve on input line 100.
LaTeX Font Info:    Redeclaring math accent \check on input line 100.
LaTeX Font Info:    Redeclaring math accent \hat on input line 100.
LaTeX Font Info:    Redeclaring math accent \dot on input line 100.
LaTeX Font Info:    Redeclaring math accent \mathring on input line 100.
LaTeX Font Info:    Redeclaring math symbol \Gamma on input line 100.
LaTeX Font Info:    Redeclaring math symbol \Delta on input line 100.
LaTeX Font Info:    Redeclaring math symbol \Theta on input line 100.
LaTeX Font Info:    Redeclaring math symbol \Lambda on input line 100.
LaTeX Font Info:    Redeclaring math symbol \Xi on input line 100.
LaTeX Font Info:    Redeclaring math symbol \Pi on input line 100.
LaTeX Font Info:    Redeclaring math symbol \Sigma on input line 100.
LaTeX Font Info:    Redeclaring math symbol \Upsilon on input line 100.
LaTeX Font Info:    Redeclaring math symbol \Phi on input line 100.
LaTeX Font Info:    Redeclaring math symbol \Psi on input line 100.
LaTeX Font Info:    Redeclaring math symbol \Omega on input line 100.
LaTeX Font Info:    Redeclaring math symbol \mathdollar on input line 100.
LaTeX Font Info:    Redeclaring symbol font `operators' on input line 100.
LaTeX Font Info:    Encoding `OT1' has changed to `TU' for symbol font
(Font)              `operators' in the math version `normal' on input line 100.
LaTeX Font Info:    Overwriting symbol font `operators' in version `normal'
(Font)                  OT1/cmr/m/n --> TU/TimesNewRoman(0)/m/n on input line 100.
LaTeX Font Info:    Encoding `OT1' has changed to `TU' for symbol font
(Font)              `operators' in the math version `bold' on input line 100.
LaTeX Font Info:    Overwriting symbol font `operators' in version `bold'
(Font)                  OT1/cmr/bx/n --> TU/TimesNewRoman(0)/m/n on input line 100.
LaTeX Font Info:    Overwriting symbol font `operators' in version `normal'
(Font)                  TU/TimesNewRoman(0)/m/n --> TU/TimesNewRoman(0)/m/n on input line 100.
LaTeX Font Info:    Overwriting math alphabet `\mathit' in version `normal'
(Font)                  OT1/cmr/m/it --> TU/TimesNewRoman(0)/m/it on input line 100.
LaTeX Font Info:    Overwriting math alphabet `\mathbf' in version `normal'
(Font)                  OT1/cmr/bx/n --> TU/TimesNewRoman(0)/b/n on input line 100.
LaTeX Font Info:    Overwriting math alphabet `\mathsf' in version `normal'
(Font)                  OT1/cmss/m/n --> TU/Helvetica(0)/m/n on input line 100.
LaTeX Font Info:    Overwriting math alphabet `\mathtt' in version `normal'
(Font)                  OT1/cmtt/m/n --> TU/lmtt/m/n on input line 100.
LaTeX Font Info:    Overwriting symbol font `operators' in version `bold'
(Font)                  TU/TimesNewRoman(0)/m/n --> TU/TimesNewRoman(0)/b/n on input line 100.
LaTeX Font Info:    Overwriting math alphabet `\mathit' in version `bold'
(Font)                  OT1/cmr/bx/it --> TU/TimesNewRoman(0)/b/it on input line 100.
LaTeX Font Info:    Overwriting math alphabet `\mathsf' in version `bold'
(Font)                  OT1/cmss/bx/n --> TU/Helvetica(0)/b/n on input line 100.
LaTeX Font Info:    Overwriting math alphabet `\mathtt' in version `bold'
(Font)                  OT1/cmtt/m/n --> TU/lmtt/b/n on input line 100.
LaTeX Font Info:    Font shape `TU/HaranoAjiMincho-Regular.otf(1)/m/n' will be
(Font)              scaled to size 9.24713pt on input line 100.

Package fontspec Info: 
(fontspec)             HaranoAjiGothic-Medium.otf scale = 0.924715.


Package fontspec Info: 
(fontspec)             HaranoAjiGothic-Medium scale = 0.924715.


Package fontspec Info: 
(fontspec)             HaranoAjiGothic-Bold scale = 0.924715.


Package fontspec Info: 
(fontspec)             HaranoAjiGothic-Medium scale = 0.924715.


Package fontspec Info: 
(fontspec)             HaranoAjiGothic-Bold scale = 0.924715.


Package fontspec Info: 
(fontspec)             Font family 'HaranoAjiGothic-Medium.otf(0)' created for
(fontspec)             font 'HaranoAjiGothic-Medium.otf' with options
(fontspec)             [Script={CJK},Scale={0.924715},UprightFont={HaranoAjiGothic-Medium.otf},ItalicFeatures={FakeSlant=0.2},BoldItalicFont={HaranoAjiGothic-Bold.otf},BoldItalicFeatures={FakeSlant=0.2},BoldFont={HaranoAjiGothic-Bold.otf},ItalicFont={HaranoAjiGothic-Medium.otf}].
(fontspec)              
(fontspec)              This font family consists of the following NFSS
(fontspec)             series/shapes:
(fontspec)              
(fontspec)             - 'normal' (m/n) with NFSS spec.:
(fontspec)             <->s*[0.924715]"[HaranoAjiGothic-Medium.otf]/OT:script=hani;language=dflt;"
(fontspec)             - 'bold' (b/n) with NFSS spec.:
(fontspec)             <->s*[0.924715]"[HaranoAjiGothic-Bold.otf]/OT:script=hani;language=dflt;"
(fontspec)             - 'italic' (m/it) with NFSS spec.:
(fontspec)             <->s*[0.924715]"[HaranoAjiGothic-Medium.otf]/OT:script=hani;language=dflt;slant=0.2;"
(fontspec)             - 'bold italic' (b/it) with NFSS spec.:
(fontspec)             <->s*[0.924715]"[HaranoAjiGothic-Bold.otf]/OT:script=hani;language=dflt;slant=0.2;"

LaTeX Font Info:    Font shape `TU/HaranoAjiGothic-Medium.otf(0)/m/n' will be
(Font)              scaled to size 9.24713pt on input line 100.

Package fontspec Info: 
(fontspec)             HaranoAjiGothic-Medium.otf scale = 0.924715.

Package caption Info: Begin \AtBeginDocument code.
Package caption Info: float package is loaded.
Package caption Info: End \AtBeginDocument code.
LaTeX Font Info:    Font shape `TU/HaranoAjiMincho-Regular.otf(1)/m/n' will be
(Font)              scaled to size 13.31586pt on input line 108.
LaTeX Font Info:    Font shape `TU/HaranoAjiMincho-Regular.otf(1)/b/n' will be
(Font)              scaled to size 15.97903pt on input line 114.


[1

]
LaTeX Font Info:    Font shape `TU/HaranoAjiMincho-Regular.otf(1)/b/n' will be
(Font)              scaled to size 19.17854pt on input line 131.
 (./main.toc
LaTeX Font Info:    Trying to load font information for U+msa on input line 2.
 (/usr/local/texlive/2025/texmf-dist/tex/latex/amsfonts/umsa.fd
File: umsa.fd 2013/01/14 v3.01 AMS symbols A
)
LaTeX Font Info:    Trying to load font information for U+msb on input line 2.
 (/usr/local/texlive/2025/texmf-dist/tex/latex/amsfonts/umsb.fd
File: umsb.fd 2013/01/14 v3.01 AMS symbols B
)
LaTeX Font Info:    Trying to load font information for U+rsfs on input line 2.
 (/usr/local/texlive/2025/texmf-dist/tex/latex/jknapltx/ursfs.fd
File: ursfs.fd 1998/03/24 rsfs font definition file (jk)
)

[1

])
\tf@toc=\write4
\openout4 = `main.toc'.



[2] (./main.lof)
\tf@lof=\write5
\openout5 = `main.lof'.



[3

]
第1章
LaTeX Font Info:    Font shape `TU/HaranoAjiGothic-Medium.otf(0)/m/n' will be
(Font)              scaled to size 13.31586pt on input line 142.


[1

]

[2]
第2章


[3

]

[4]
第3章
LaTeX Font Info:    Font shape `TU/HaranoAjiGothic-Medium.otf(0)/m/n' will be
(Font)              scaled to size 11.09656pt on input line 334.


[5

]

[6]
LaTeX Font Info:    Font shape `TU/HaranoAjiMincho-Regular.otf(1)/b/n' will be
(Font)              scaled to size 9.24713pt on input line 593.


[7]

[8]
第4章


[9

]

[10]

[11]
File: figs/baseline_cum_return.png Graphic file (type bmp)
<figs/baseline_cum_return.png>


[12]

[13]
File: figs/delta2_absdiff_sharpe_boxplot.png Graphic file (type bmp)
<figs/delta2_absdiff_sharpe_boxplot.png>
LaTeX Font Info:    Font shape `TU/HaranoAjiMincho-Regular.otf(1)/m/n' will be
(Font)              scaled to size 8.32242pt on input line 936.
File: figs/delta2_absdiff_cvar95_boxplot.png Graphic file (type bmp)
<figs/delta2_absdiff_cvar95_boxplot.png>
File: figs/delta4_absdiff_sharpe_boxplot.png Graphic file (type bmp)
<figs/delta4_absdiff_sharpe_boxplot.png>
File: figs/delta4_absdiff_cvar95_boxplot.png Graphic file (type bmp)
<figs/delta4_absdiff_cvar95_boxplot.png>


[14]
File: figs/wealth_selected_models_with_baseline_kkt.png Graphic file (type bmp)
<figs/wealth_selected_models_with_baseline_kkt.png>


[15]
File: figs/init_perturbation_boxplots.png Graphic file (type bmp)
<figs/init_perturbation_boxplots.png>


[16]

[17]
File: figs/r2_vs_sharpe_scatter.png Graphic file (type bmp)
<figs/r2_vs_sharpe_scatter.png>
File: figs/r2_vs_cvar_scatter.png Graphic file (type bmp)
<figs/r2_vs_cvar_scatter.png>


[18]
File: figs/opportunity_loss_boxplot.png Graphic file (type bmp)
<figs/opportunity_loss_boxplot.png>
File: figs/opportunity_loss_median_bar.png Graphic file (type bmp)
<figs/opportunity_loss_median_bar.png>


[19]
File: figs/turnover_vs_sharpe_scatter.png Graphic file (type bmp)
<figs/turnover_vs_sharpe_scatter.png>
File: figs/turnover_vs_cvar_scatter.png Graphic file (type bmp)
<figs/turnover_vs_cvar_scatter.png>
File: figs/switchfreq_vs_sharpe.png Graphic file (type bmp)
<figs/switchfreq_vs_sharpe.png>
File: figs/switchfreq_vs_cvar95.png Graphic file (type bmp)
<figs/switchfreq_vs_cvar95.png>


[20]

[21]
File: figs/cond_regime_rel_adv_2tier.png Graphic file (type bmp)
<figs/cond_regime_rel_adv_2tier.png>


[22]
File: figs/cond_binned_opploss_dfl_vs_ols.png Graphic file (type bmp)
<figs/cond_binned_opploss_dfl_vs_ols.png>


[23]
File: figs/wealth_window_covid_2020.png Graphic file (type bmp)
<figs/wealth_window_covid_2020.png>


[24]
File: figs/weights_comparison_covid_2020.png Graphic file (type bmp)
<figs/weights_comparison_covid_2020.png>


[25]

[26]

[27]
第5章


[28

]
LaTeX Font Info:    Font shape `TU/HaranoAjiMincho-Regular.otf(1)/m/it' will be
(Font)              scaled to size 9.24713pt on input line 1443.


[29

]

[30]

[31

]

[32

]

[33

] (./main.aux)
 ***********
LaTeX2e <2024-11-01> patch level 2
L3 programming layer <2022/08/05>
 ***********
 ) 
Here is how much of TeX's memory you used:
 12493 strings out of 473832
 297371 string characters out of 5729481
 719510 words of memory out of 5000000
 35309 multiletter control sequences out of 15000+600000
 570087 words of font info for 136 fonts, out of 8000000 for 9000
 1353 hyphenation exceptions out of 8191
 109i,13n,113p,705b,715s stack positions out of 10000i,1000n,20000p,200000b,200000s

Output written on main.pdf (37 pages).
